<?xml version="1.0" encoding="UTF-8"?>
<!-- Generated by org.testng.reporters.JUnitXMLReporter -->
<testsuite ignored="5" hostname="DESKTOP-10F3EDE" failures="0" tests="2" name="Test" time="45.77" errors="0" timestamp="2022-10-30T14:45:28 IST">
  <testcase classname="TestCases.GroupTest" name="verifyLoginByLogoTest" time="0.676"/>
  <testcase classname="TestCases.GroupTest" name="verifyLoginByUrlTest" time="1.639"/>
  <testcase classname="TestCases.GroupTest" name="verifyAppUrlTest" time="0.0">
    <ignored/>
  </testcase> <!-- verifyAppUrlTest -->
  <testcase classname="TestCases.GroupTest" name="verifyBigLogoTest" time="0.0">
    <ignored/>
  </testcase> <!-- verifyBigLogoTest -->
  <testcase classname="TestCases.GroupTest" name="verifyLoginByTextTest" time="0.0">
    <ignored/>
  </testcase> <!-- verifyLoginByTextTest -->
  <testcase classname="TestCases.GroupTest" name="verifyAppTitleTest" time="0.0">
    <ignored/>
  </testcase> <!-- verifyAppTitleTest -->
  <testcase classname="TestCases.GroupTest" name="verifySwagLabsLogoTest" time="0.0">
    <ignored/>
  </testcase> <!-- verifySwagLabsLogoTest -->
</testsuite> <!-- Test -->
